2018-08-22 15:30:32,282 INFO --------------------------------------------------
2018-08-22 15:30:55,243 INFO -------------Public train starts--------------
2018-08-22 15:34:44,026 INFO -----------Public train ends-------------
2018-08-22 15:34:44,028 INFO Task1 best step is 30 and p:0.00 r:0.00 f:0.00
2018-08-22 15:34:44,029 INFO Task2 best step is 30 and p:0.00 r:0.00 f:0.00
2018-08-22 15:34:44,029 INFO Task3 best step is 30 and p:0.00 r:0.00 f:0.00
2018-08-22 15:34:44,029 INFO Task4 best step is 30 and p:0.00 r:0.00 f:0.00
2018-08-22 15:36:56,440 INFO -------------Show the results------------
2018-08-22 15:36:56,699 INFO Task:1, filename:Model1__
2018-08-22 15:54:38,560 INFO --------------------------------------------------
2018-08-22 15:55:32,904 INFO --------------------------------------------------
2018-08-22 15:55:56,788 INFO -------------Public train starts--------------
2018-08-22 15:59:18,637 INFO -----------Public train ends-------------
2018-08-22 15:59:18,638 INFO Task1 best step is 30 and p:0.00 r:0.00 f:0.00
2018-08-22 15:59:18,638 INFO Task2 best step is 30 and p:0.00 r:0.00 f:0.00
2018-08-22 15:59:18,638 INFO Task3 best step is 30 and p:0.00 r:0.00 f:0.00
2018-08-22 15:59:18,638 INFO Task4 best step is 30 and p:0.00 r:0.00 f:0.00
2018-08-22 16:01:13,666 INFO -------------Show the results------------
2018-08-22 16:01:13,935 INFO Task:1, filename:Model1__
2018-08-22 16:05:10,780 INFO --------------------------------------------------
2018-08-22 16:05:34,554 INFO -------------Public train starts--------------
2018-08-22 16:08:44,226 INFO -----------Public train ends-------------
2018-08-22 16:08:44,227 INFO Task1 best step is 30 and p:0.00 r:0.00 f:0.00
2018-08-22 16:08:44,228 INFO Task2 best step is 30 and p:0.00 r:0.00 f:0.00
2018-08-22 16:08:44,228 INFO Task3 best step is 20 and p:0.00 r:0.00 f:0.00
2018-08-22 16:08:44,228 INFO Task4 best step is 30 and p:0.00 r:0.00 f:0.00
2018-08-22 16:10:36,760 INFO -------------Show the results------------
2018-08-22 16:10:37,044 INFO Task:1, filename:Model1__
2018-08-22 16:11:28,466 INFO --------------------------------------------------
2018-08-22 16:11:51,742 INFO -------------Public train starts--------------
2018-08-22 16:14:46,520 INFO -----------Public train ends-------------
2018-08-22 16:14:46,520 INFO Task1 best step is 30 and p:0.00 r:0.00 f:0.00
2018-08-22 16:14:46,520 INFO Task2 best step is 30 and p:0.00 r:0.00 f:0.00
2018-08-22 16:14:46,520 INFO Task3 best step is 30 and p:0.00 r:0.00 f:0.00
2018-08-22 16:14:46,520 INFO Task4 best step is 30 and p:0.00 r:0.00 f:0.00
2018-08-22 16:16:29,677 INFO -------------Show the results------------
2018-08-22 16:16:29,912 INFO Task:1, filename:Model1__
2018-08-22 17:08:01,252 INFO --------------------------------------------------
2018-08-22 17:08:25,305 INFO -------------Public train starts--------------
2018-08-22 18:59:21,083 INFO --------------------------------------------------
2018-08-22 19:00:09,826 INFO --------------------------------------------------
2018-08-22 19:00:31,720 INFO -------------Public train starts--------------
2018-08-22 19:05:17,105 INFO --------------------------------------------------
2018-08-22 19:05:38,751 INFO -------------Public train starts--------------
2018-08-22 19:09:06,323 INFO -----------Public train ends-------------
2018-08-22 19:09:06,323 INFO Task1 best step is 30 and p:0.00 r:0.00 f:0.00
2018-08-22 19:09:06,323 INFO Task2 best step is 30 and p:0.00 r:0.00 f:0.00
2018-08-22 19:09:06,323 INFO Task3 best step is 30 and p:0.00 r:0.00 f:0.00
2018-08-22 19:09:06,323 INFO Task4 best step is 30 and p:0.00 r:0.00 f:0.00
2018-08-22 19:42:13,789 INFO --------------------------------------------------
2018-08-22 19:42:35,486 INFO -------------Public train starts--------------
2018-08-22 19:44:54,865 INFO --------------------------------------------------
2018-08-22 19:45:16,771 INFO -------------Public train starts--------------
2018-08-22 19:49:02,061 INFO --------------------------------------------------
2018-08-22 19:49:26,090 INFO -------------Public train starts--------------
2018-08-22 19:57:43,948 INFO --------------------------------------------------
2018-08-22 19:58:06,919 INFO -------------Public train starts--------------
2018-08-22 20:02:00,426 INFO -----------Public train ends-------------
2018-08-22 20:02:00,428 INFO Task1 best step is 30 and p:0.00 r:0.00 f:0.00
2018-08-22 20:02:00,428 INFO Task2 best step is 30 and p:0.00 r:0.00 f:0.00
2018-08-22 20:02:00,428 INFO Task3 best step is 20 and p:0.00 r:0.00 f:0.00
2018-08-22 20:02:00,428 INFO Task4 best step is 10 and p:0.00 r:0.00 f:0.00
2018-08-23 09:41:29,111 INFO --------------------------------------------------
2018-08-23 09:41:51,208 INFO -------------Public train starts--------------
2018-08-23 09:50:33,144 INFO --------------------------------------------------
2018-08-23 09:50:54,807 INFO -------------Public train starts--------------
2018-08-23 09:56:09,491 INFO -----------Public train ends-------------
2018-08-23 09:56:09,491 INFO Task1 best step is 30 and p:0.00 r:0.00 f:0.00
2018-08-23 09:56:09,492 INFO Task2 best step is 30 and p:0.00 r:0.00 f:0.00
2018-08-23 09:56:09,492 INFO Task3 best step is 30 and p:0.00 r:0.00 f:0.00
2018-08-23 09:56:09,492 INFO Task4 best step is 20 and p:0.00 r:0.00 f:0.00
2018-08-23 15:24:19,228 INFO --------------------------------------------------
2018-08-23 15:24:41,565 INFO -------------Public train starts--------------
2018-08-23 15:32:36,480 INFO --------------------------------------------------
2018-08-23 15:32:59,429 INFO -------------Public train starts--------------
2018-08-23 15:34:16,833 INFO Shared train: Task 1 got better F1:0.6082764162314183 in step 10
2018-08-23 15:34:16,835 INFO >>>>>>Saved shared model to /Users/liangs/Codes/adv_mulit_task_seq_tagging/checkpoints/multi_task_4_1808231532/checkpoints/task_shared_1, private mode to /Users/liangs/Codes/adv_mulit_task_seq_tagging/checkpoints/multi_task_4_1808231532/checkpoints/task_private_1
2018-08-23 15:34:50,200 INFO Shared train: Task 4 got better F1:0.5593667546174143 in step 10
2018-08-23 15:34:50,201 INFO >>>>>>Saved shared model to /Users/liangs/Codes/adv_mulit_task_seq_tagging/checkpoints/multi_task_4_1808231532/checkpoints/task_shared_4, private mode to /Users/liangs/Codes/adv_mulit_task_seq_tagging/checkpoints/multi_task_4_1808231532/checkpoints/task_private_4
2018-08-23 15:35:10,876 INFO Shared train: Task 1 got better F1:0.6572062084257206 in step 15
2018-08-23 15:35:10,876 INFO >>>>>>Saved shared model to /Users/liangs/Codes/adv_mulit_task_seq_tagging/checkpoints/multi_task_4_1808231532/checkpoints/task_shared_1, private mode to /Users/liangs/Codes/adv_mulit_task_seq_tagging/checkpoints/multi_task_4_1808231532/checkpoints/task_private_1
2018-08-23 15:35:23,221 INFO Shared train: Task 2 got better F1:0.5833843641559503 in step 15
2018-08-23 15:35:23,222 INFO >>>>>>Saved shared model to /Users/liangs/Codes/adv_mulit_task_seq_tagging/checkpoints/multi_task_4_1808231532/checkpoints/task_shared_2, private mode to /Users/liangs/Codes/adv_mulit_task_seq_tagging/checkpoints/multi_task_4_1808231532/checkpoints/task_private_2
2018-08-23 15:35:34,411 INFO Shared train: Task 3 got better F1:0.5181946766105182 in step 15
2018-08-23 15:35:34,411 INFO >>>>>>Saved shared model to /Users/liangs/Codes/adv_mulit_task_seq_tagging/checkpoints/multi_task_4_1808231532/checkpoints/task_shared_3, private mode to /Users/liangs/Codes/adv_mulit_task_seq_tagging/checkpoints/multi_task_4_1808231532/checkpoints/task_private_3
2018-08-23 15:36:07,528 INFO Shared train: Task 1 got better F1:0.6817329164805717 in step 20
2018-08-23 15:36:07,530 INFO >>>>>>Saved shared model to /Users/liangs/Codes/adv_mulit_task_seq_tagging/checkpoints/multi_task_4_1808231532/checkpoints/task_shared_1, private mode to /Users/liangs/Codes/adv_mulit_task_seq_tagging/checkpoints/multi_task_4_1808231532/checkpoints/task_private_1
2018-08-23 15:36:19,018 INFO Shared train: Task 2 got better F1:0.7015194437290755 in step 20
2018-08-23 15:36:19,018 INFO >>>>>>Saved shared model to /Users/liangs/Codes/adv_mulit_task_seq_tagging/checkpoints/multi_task_4_1808231532/checkpoints/task_shared_2, private mode to /Users/liangs/Codes/adv_mulit_task_seq_tagging/checkpoints/multi_task_4_1808231532/checkpoints/task_private_2
2018-08-23 15:36:33,483 INFO Shared train: Task 3 got better F1:0.677960415967796 in step 20
2018-08-23 15:36:33,485 INFO >>>>>>Saved shared model to /Users/liangs/Codes/adv_mulit_task_seq_tagging/checkpoints/multi_task_4_1808231532/checkpoints/task_shared_3, private mode to /Users/liangs/Codes/adv_mulit_task_seq_tagging/checkpoints/multi_task_4_1808231532/checkpoints/task_private_3
2018-08-23 15:36:47,304 INFO Shared train: Task 4 got better F1:0.6396386934145574 in step 20
2018-08-23 15:36:47,306 INFO >>>>>>Saved shared model to /Users/liangs/Codes/adv_mulit_task_seq_tagging/checkpoints/multi_task_4_1808231532/checkpoints/task_shared_4, private mode to /Users/liangs/Codes/adv_mulit_task_seq_tagging/checkpoints/multi_task_4_1808231532/checkpoints/task_private_4
2018-08-23 15:37:19,641 INFO Shared train: Task 2 got better F1:0.8635008029364533 in step 25
2018-08-23 15:37:19,643 INFO >>>>>>Saved shared model to /Users/liangs/Codes/adv_mulit_task_seq_tagging/checkpoints/multi_task_4_1808231532/checkpoints/task_shared_2, private mode to /Users/liangs/Codes/adv_mulit_task_seq_tagging/checkpoints/multi_task_4_1808231532/checkpoints/task_private_2
2018-08-23 15:37:30,926 INFO Shared train: Task 3 got better F1:0.7546845452982636 in step 25
2018-08-23 15:37:30,928 INFO >>>>>>Saved shared model to /Users/liangs/Codes/adv_mulit_task_seq_tagging/checkpoints/multi_task_4_1808231532/checkpoints/task_shared_3, private mode to /Users/liangs/Codes/adv_mulit_task_seq_tagging/checkpoints/multi_task_4_1808231532/checkpoints/task_private_3
2018-08-23 15:37:42,920 INFO Shared train: Task 4 got better F1:0.7005675894822193 in step 25
2018-08-23 15:37:42,922 INFO >>>>>>Saved shared model to /Users/liangs/Codes/adv_mulit_task_seq_tagging/checkpoints/multi_task_4_1808231532/checkpoints/task_shared_4, private mode to /Users/liangs/Codes/adv_mulit_task_seq_tagging/checkpoints/multi_task_4_1808231532/checkpoints/task_private_4
2018-08-23 15:38:23,082 INFO Shared train: Task 2 got better F1:0.8692022263450835 in step 30
2018-08-23 15:38:23,082 INFO >>>>>>Saved shared model to /Users/liangs/Codes/adv_mulit_task_seq_tagging/checkpoints/multi_task_4_1808231532/checkpoints/task_shared_2, private mode to /Users/liangs/Codes/adv_mulit_task_seq_tagging/checkpoints/multi_task_4_1808231532/checkpoints/task_private_2
2018-08-23 15:42:01,775 INFO --------------------------------------------------
2018-08-23 15:42:24,831 INFO -------------Public train starts--------------
2018-08-23 15:42:56,662 INFO Shared train: Task 1 got better F1:0.2140982515802314 in step 5
2018-08-23 15:42:56,663 INFO >>>>>>Saved shared model to /Users/liangs/Codes/adv_mulit_task_seq_tagging/checkpoints/multi_task_4_1808231542/checkpoints/task_shared_1, private mode to /Users/liangs/Codes/adv_mulit_task_seq_tagging/checkpoints/multi_task_4_1808231542/checkpoints/task_private_1
2018-08-23 15:43:57,751 INFO Shared train: Task 2 got better F1:0.15829046299960428 in step 10
2018-08-23 15:43:57,753 INFO >>>>>>Saved shared model to /Users/liangs/Codes/adv_mulit_task_seq_tagging/checkpoints/multi_task_4_1808231542/checkpoints/task_shared_2, private mode to /Users/liangs/Codes/adv_mulit_task_seq_tagging/checkpoints/multi_task_4_1808231542/checkpoints/task_private_2
2018-08-23 15:44:08,466 INFO Shared train: Task 3 got better F1:0.5786849485821127 in step 10
2018-08-23 15:44:08,466 INFO >>>>>>Saved shared model to /Users/liangs/Codes/adv_mulit_task_seq_tagging/checkpoints/multi_task_4_1808231542/checkpoints/task_shared_3, private mode to /Users/liangs/Codes/adv_mulit_task_seq_tagging/checkpoints/multi_task_4_1808231542/checkpoints/task_private_3
2018-08-23 15:44:20,756 INFO Shared train: Task 4 got better F1:0.576965806690532 in step 10
2018-08-23 15:44:20,758 INFO >>>>>>Saved shared model to /Users/liangs/Codes/adv_mulit_task_seq_tagging/checkpoints/multi_task_4_1808231542/checkpoints/task_shared_4, private mode to /Users/liangs/Codes/adv_mulit_task_seq_tagging/checkpoints/multi_task_4_1808231542/checkpoints/task_private_4
2018-08-23 15:44:20,759 INFO -----------Shared Train ends-------------
2018-08-23 15:44:22,301 INFO >>>>>>Finally,saved shared model to /Users/liangs/Codes/adv_mulit_task_seq_tagging/checkpoints/multi_task_4_1808231542/checkpoints/shared_train_done after epochs:10
2018-08-23 15:44:22,302 INFO After shared train, Task1 best step is 5 and F1:21.41
2018-08-23 15:44:22,302 INFO After shared train, Task2 best step is 10 and F1:15.83
2018-08-23 15:44:22,303 INFO After shared train, Task3 best step is 10 and F1:57.87
2018-08-23 15:44:22,303 INFO After shared train, Task4 best step is 10 and F1:57.70
2018-08-23 15:56:06,412 INFO --------------------------------------------------
2018-08-23 15:56:28,384 INFO -------------train starts:1808231556--------------
2018-08-23 15:57:23,709 INFO Shared train: Task 1 got better F1:0.6279973462231069 in step 10
2018-08-23 15:57:23,709 INFO >>>>>>Saved shared model to /Users/liangs/Codes/adv_mulit_task_seq_tagging/checkpoints/multi_task_4_1808231556/checkpoints/task_shared_1, private mode to /Users/liangs/Codes/adv_mulit_task_seq_tagging/checkpoints/multi_task_4_1808231556/checkpoints/task_private_1
2018-08-23 15:57:37,120 INFO Shared train: Task 2 got better F1:0.306457242582897 in step 10
2018-08-23 15:57:37,122 INFO >>>>>>Saved shared model to /Users/liangs/Codes/adv_mulit_task_seq_tagging/checkpoints/multi_task_4_1808231556/checkpoints/task_shared_2, private mode to /Users/liangs/Codes/adv_mulit_task_seq_tagging/checkpoints/multi_task_4_1808231556/checkpoints/task_private_2
2018-08-23 15:57:49,044 INFO Shared train: Task 3 got better F1:0.5324204591220297 in step 10
2018-08-23 15:57:49,045 INFO >>>>>>Saved shared model to /Users/liangs/Codes/adv_mulit_task_seq_tagging/checkpoints/multi_task_4_1808231556/checkpoints/task_shared_3, private mode to /Users/liangs/Codes/adv_mulit_task_seq_tagging/checkpoints/multi_task_4_1808231556/checkpoints/task_private_3
2018-08-23 15:58:00,768 INFO Shared train: Task 4 got better F1:0.49437554081338336 in step 10
2018-08-23 15:58:00,770 INFO >>>>>>Saved shared model to /Users/liangs/Codes/adv_mulit_task_seq_tagging/checkpoints/multi_task_4_1808231556/checkpoints/task_shared_4, private mode to /Users/liangs/Codes/adv_mulit_task_seq_tagging/checkpoints/multi_task_4_1808231556/checkpoints/task_private_4
2018-08-23 15:58:00,770 INFO -----------Shared Train ends-------------
2018-08-23 15:58:02,244 INFO >>>>>>Finally,saved shared model to /Users/liangs/Codes/adv_mulit_task_seq_tagging/checkpoints/multi_task_4_1808231556/checkpoints/shared_train_done after epochs:10
2018-08-23 15:59:40,362 INFO --------------------------------------------------
2018-08-23 16:00:02,570 INFO -------------train starts:1808231559--------------
2018-08-23 16:00:45,821 INFO Shared train: Task 1 got better F1:0.5397553516819572 in step 10
2018-08-23 16:00:45,821 INFO >>>>>>Saved shared model to /Users/liangs/Codes/adv_mulit_task_seq_tagging/checkpoints/multi_task_4_1808231559/checkpoints/task_shared_1, private mode to /Users/liangs/Codes/adv_mulit_task_seq_tagging/checkpoints/multi_task_4_1808231559/checkpoints/task_private_1
2018-08-23 16:00:57,424 INFO Shared train: Task 2 got better F1:0.17430167597765361 in step 10
2018-08-23 16:00:57,424 INFO >>>>>>Saved shared model to /Users/liangs/Codes/adv_mulit_task_seq_tagging/checkpoints/multi_task_4_1808231559/checkpoints/task_shared_2, private mode to /Users/liangs/Codes/adv_mulit_task_seq_tagging/checkpoints/multi_task_4_1808231559/checkpoints/task_private_2
2018-08-23 16:01:09,039 INFO Shared train: Task 3 got better F1:0.6410899964144854 in step 10
2018-08-23 16:01:09,039 INFO >>>>>>Saved shared model to /Users/liangs/Codes/adv_mulit_task_seq_tagging/checkpoints/multi_task_4_1808231559/checkpoints/task_shared_3, private mode to /Users/liangs/Codes/adv_mulit_task_seq_tagging/checkpoints/multi_task_4_1808231559/checkpoints/task_private_3
2018-08-23 16:01:20,706 INFO Shared train: Task 4 got better F1:0.04875051208521097 in step 10
2018-08-23 16:01:20,706 INFO >>>>>>Saved shared model to /Users/liangs/Codes/adv_mulit_task_seq_tagging/checkpoints/multi_task_4_1808231559/checkpoints/task_shared_4, private mode to /Users/liangs/Codes/adv_mulit_task_seq_tagging/checkpoints/multi_task_4_1808231559/checkpoints/task_private_4
2018-08-23 16:01:20,706 INFO -----------Shared Train ends-------------
2018-08-23 16:01:22,118 INFO >>>>>>Finally,saved shared model to /Users/liangs/Codes/adv_mulit_task_seq_tagging/checkpoints/multi_task_4_1808231559/checkpoints/shared_train_done after epochs:10
2018-08-23 17:08:48,642 INFO --------------------------------------------------
2018-08-23 17:09:11,247 INFO -------------train starts:1808231709--------------
2018-08-23 17:10:07,458 INFO Shared train: Task 1 got better F1:0.0239741816505302 in step 10
2018-08-23 17:10:07,459 INFO >>>>>>Saved shared model to /Users/liangs/Codes/adv_mulit_task_seq_tagging/checkpoints/multi_task_4_1808231709/checkpoints/task_shared_1, private mode to /Users/liangs/Codes/adv_mulit_task_seq_tagging/checkpoints/multi_task_4_1808231709/checkpoints/task_private_1
2018-08-23 17:10:19,391 INFO Shared train: Task 2 got better F1:0.30546507419471586 in step 10
2018-08-23 17:10:19,393 INFO >>>>>>Saved shared model to /Users/liangs/Codes/adv_mulit_task_seq_tagging/checkpoints/multi_task_4_1808231709/checkpoints/task_shared_2, private mode to /Users/liangs/Codes/adv_mulit_task_seq_tagging/checkpoints/multi_task_4_1808231709/checkpoints/task_private_2
2018-08-23 17:10:31,321 INFO Shared train: Task 3 got better F1:0.605313092979127 in step 10
2018-08-23 17:10:31,323 INFO >>>>>>Saved shared model to /Users/liangs/Codes/adv_mulit_task_seq_tagging/checkpoints/multi_task_4_1808231709/checkpoints/task_shared_3, private mode to /Users/liangs/Codes/adv_mulit_task_seq_tagging/checkpoints/multi_task_4_1808231709/checkpoints/task_private_3
2018-08-23 17:10:43,256 INFO Shared train: Task 4 got better F1:0.3647332768839966 in step 10
2018-08-23 17:10:43,258 INFO >>>>>>Saved shared model to /Users/liangs/Codes/adv_mulit_task_seq_tagging/checkpoints/multi_task_4_1808231709/checkpoints/task_shared_4, private mode to /Users/liangs/Codes/adv_mulit_task_seq_tagging/checkpoints/multi_task_4_1808231709/checkpoints/task_private_4
2018-08-23 17:11:11,695 INFO Shared train: Task 1 got better F1:0.5961462058005562 in step 20
2018-08-23 17:11:11,697 INFO >>>>>>Saved shared model to /Users/liangs/Codes/adv_mulit_task_seq_tagging/checkpoints/multi_task_4_1808231709/checkpoints/task_shared_1, private mode to /Users/liangs/Codes/adv_mulit_task_seq_tagging/checkpoints/multi_task_4_1808231709/checkpoints/task_private_1
2018-08-23 17:11:22,848 INFO Shared train: Task 2 got better F1:0.7455882352941176 in step 20
2018-08-23 17:11:22,849 INFO >>>>>>Saved shared model to /Users/liangs/Codes/adv_mulit_task_seq_tagging/checkpoints/multi_task_4_1808231709/checkpoints/task_shared_2, private mode to /Users/liangs/Codes/adv_mulit_task_seq_tagging/checkpoints/multi_task_4_1808231709/checkpoints/task_private_2
2018-08-23 17:11:33,411 INFO Shared train: Task 3 got better F1:0.7653305926687222 in step 20
2018-08-23 17:11:33,413 INFO >>>>>>Saved shared model to /Users/liangs/Codes/adv_mulit_task_seq_tagging/checkpoints/multi_task_4_1808231709/checkpoints/task_shared_3, private mode to /Users/liangs/Codes/adv_mulit_task_seq_tagging/checkpoints/multi_task_4_1808231709/checkpoints/task_private_3
2018-08-23 17:11:44,315 INFO Shared train: Task 4 got better F1:0.41115513562938133 in step 20
2018-08-23 17:11:44,317 INFO >>>>>>Saved shared model to /Users/liangs/Codes/adv_mulit_task_seq_tagging/checkpoints/multi_task_4_1808231709/checkpoints/task_shared_4, private mode to /Users/liangs/Codes/adv_mulit_task_seq_tagging/checkpoints/multi_task_4_1808231709/checkpoints/task_private_4
2018-08-23 17:11:44,317 INFO -----------Shared Train ends-------------
2018-08-23 17:11:45,779 INFO >>>>>>Finally,saved shared model to /Users/liangs/Codes/adv_mulit_task_seq_tagging/checkpoints/multi_task_4_1808231709/checkpoints/shared_train_done after epochs:20
2018-08-23 17:13:06,780 INFO --------------------------------------------------
2018-08-23 17:13:30,250 INFO -------------train starts:1808231713--------------
2018-08-23 17:14:02,193 INFO Shared train: Task 1 got better F1:0.03107861060329068 in step 5
2018-08-23 17:14:02,195 INFO >>>>>>Saved shared model to /Users/liangs/Codes/adv_mulit_task_seq_tagging/checkpoints/multi_task_4_1808231713/checkpoints/task_shared_1, private mode to /Users/liangs/Codes/adv_mulit_task_seq_tagging/checkpoints/multi_task_4_1808231713/checkpoints/task_private_1
2018-08-23 17:14:33,442 INFO Shared train: Task 4 got better F1:0.19694072657743786 in step 5
2018-08-23 17:14:33,443 INFO >>>>>>Saved shared model to /Users/liangs/Codes/adv_mulit_task_seq_tagging/checkpoints/multi_task_4_1808231713/checkpoints/task_shared_4, private mode to /Users/liangs/Codes/adv_mulit_task_seq_tagging/checkpoints/multi_task_4_1808231713/checkpoints/task_private_4
2018-08-23 17:14:56,943 INFO Shared train: Task 1 got better F1:0.4063242986210176 in step 10
2018-08-23 17:14:56,945 INFO >>>>>>Saved shared model to /Users/liangs/Codes/adv_mulit_task_seq_tagging/checkpoints/multi_task_4_1808231713/checkpoints/task_shared_1, private mode to /Users/liangs/Codes/adv_mulit_task_seq_tagging/checkpoints/multi_task_4_1808231713/checkpoints/task_private_1
2018-08-23 17:15:07,570 INFO Shared train: Task 2 got better F1:0.03391267486222975 in step 10
2018-08-23 17:15:07,571 INFO >>>>>>Saved shared model to /Users/liangs/Codes/adv_mulit_task_seq_tagging/checkpoints/multi_task_4_1808231713/checkpoints/task_shared_2, private mode to /Users/liangs/Codes/adv_mulit_task_seq_tagging/checkpoints/multi_task_4_1808231713/checkpoints/task_private_2
2018-08-23 17:15:19,385 INFO Shared train: Task 3 got better F1:0.5329073482428115 in step 10
2018-08-23 17:15:19,385 INFO >>>>>>Saved shared model to /Users/liangs/Codes/adv_mulit_task_seq_tagging/checkpoints/multi_task_4_1808231713/checkpoints/task_shared_3, private mode to /Users/liangs/Codes/adv_mulit_task_seq_tagging/checkpoints/multi_task_4_1808231713/checkpoints/task_private_3
2018-08-23 17:15:46,654 INFO Shared train: Task 1 got better F1:0.5453622894256139 in step 15
2018-08-23 17:15:46,655 INFO >>>>>>Saved shared model to /Users/liangs/Codes/adv_mulit_task_seq_tagging/checkpoints/multi_task_4_1808231713/checkpoints/task_shared_1, private mode to /Users/liangs/Codes/adv_mulit_task_seq_tagging/checkpoints/multi_task_4_1808231713/checkpoints/task_private_1
2018-08-23 17:15:57,337 INFO Shared train: Task 2 got better F1:0.65231067021534 in step 15
2018-08-23 17:15:57,338 INFO >>>>>>Saved shared model to /Users/liangs/Codes/adv_mulit_task_seq_tagging/checkpoints/multi_task_4_1808231713/checkpoints/task_shared_2, private mode to /Users/liangs/Codes/adv_mulit_task_seq_tagging/checkpoints/multi_task_4_1808231713/checkpoints/task_private_2
2018-08-23 17:16:07,865 INFO Shared train: Task 3 got better F1:0.6398968502486645 in step 15
2018-08-23 17:16:07,865 INFO >>>>>>Saved shared model to /Users/liangs/Codes/adv_mulit_task_seq_tagging/checkpoints/multi_task_4_1808231713/checkpoints/task_shared_3, private mode to /Users/liangs/Codes/adv_mulit_task_seq_tagging/checkpoints/multi_task_4_1808231713/checkpoints/task_private_3
2018-08-23 17:16:18,481 INFO Shared train: Task 4 got better F1:0.5012248897599216 in step 15
2018-08-23 17:16:18,482 INFO >>>>>>Saved shared model to /Users/liangs/Codes/adv_mulit_task_seq_tagging/checkpoints/multi_task_4_1808231713/checkpoints/task_shared_4, private mode to /Users/liangs/Codes/adv_mulit_task_seq_tagging/checkpoints/multi_task_4_1808231713/checkpoints/task_private_4
2018-08-23 17:16:41,485 INFO Shared train: Task 1 got better F1:0.6620407437060759 in step 20
2018-08-23 17:16:41,486 INFO >>>>>>Saved shared model to /Users/liangs/Codes/adv_mulit_task_seq_tagging/checkpoints/multi_task_4_1808231713/checkpoints/task_shared_1, private mode to /Users/liangs/Codes/adv_mulit_task_seq_tagging/checkpoints/multi_task_4_1808231713/checkpoints/task_private_1
2018-08-23 17:16:52,010 INFO Shared train: Task 2 got better F1:0.7244623655913979 in step 20
2018-08-23 17:16:52,010 INFO >>>>>>Saved shared model to /Users/liangs/Codes/adv_mulit_task_seq_tagging/checkpoints/multi_task_4_1808231713/checkpoints/task_shared_2, private mode to /Users/liangs/Codes/adv_mulit_task_seq_tagging/checkpoints/multi_task_4_1808231713/checkpoints/task_private_2
2018-08-23 17:17:03,969 INFO Shared train: Task 3 got better F1:0.6417885358883846 in step 20
2018-08-23 17:17:03,970 INFO >>>>>>Saved shared model to /Users/liangs/Codes/adv_mulit_task_seq_tagging/checkpoints/multi_task_4_1808231713/checkpoints/task_shared_3, private mode to /Users/liangs/Codes/adv_mulit_task_seq_tagging/checkpoints/multi_task_4_1808231713/checkpoints/task_private_3
2018-08-23 17:17:11,902 INFO -----------Shared Train ends-------------
2018-08-23 17:17:13,325 INFO >>>>>>Finally,saved shared model to /Users/liangs/Codes/adv_mulit_task_seq_tagging/checkpoints/multi_task_4_1808231713/checkpoints/shared_train_done after epochs:20
2018-08-23 17:46:18,278 INFO --------------------------------------------------
2018-08-23 17:46:41,425 INFO -------------train starts:1808231746--------------
2018-08-23 17:48:01,088 INFO Shared train: Task 1 got better F1:0.5499188910190237 in step 10
2018-08-23 17:48:01,088 INFO >>>>>>Saved shared model to /Users/liangs/Codes/adv_mulit_task_seq_tagging/checkpoints/multi_task_4_1808231746/checkpoints/task_shared_1, private mode to /Users/liangs/Codes/adv_mulit_task_seq_tagging/checkpoints/multi_task_4_1808231746/checkpoints/task_private_1
2018-08-23 17:48:23,457 INFO Shared train: Task 3 got better F1:0.6003540962497989 in step 10
2018-08-23 17:48:23,457 INFO >>>>>>Saved shared model to /Users/liangs/Codes/adv_mulit_task_seq_tagging/checkpoints/multi_task_4_1808231746/checkpoints/task_shared_3, private mode to /Users/liangs/Codes/adv_mulit_task_seq_tagging/checkpoints/multi_task_4_1808231746/checkpoints/task_private_3
2018-08-23 17:48:36,330 INFO Shared train: Task 4 got better F1:0.27598674299487796 in step 10
2018-08-23 17:48:36,330 INFO >>>>>>Saved shared model to /Users/liangs/Codes/adv_mulit_task_seq_tagging/checkpoints/multi_task_4_1808231746/checkpoints/task_shared_4, private mode to /Users/liangs/Codes/adv_mulit_task_seq_tagging/checkpoints/multi_task_4_1808231746/checkpoints/task_private_4
2018-08-23 17:49:01,902 INFO Shared train: Task 1 got better F1:0.6565863203771236 in step 15
2018-08-23 17:49:01,902 INFO >>>>>>Saved shared model to /Users/liangs/Codes/adv_mulit_task_seq_tagging/checkpoints/multi_task_4_1808231746/checkpoints/task_shared_1, private mode to /Users/liangs/Codes/adv_mulit_task_seq_tagging/checkpoints/multi_task_4_1808231746/checkpoints/task_private_1
2018-08-23 17:49:14,852 INFO Shared train: Task 2 got better F1:0.5916819251896417 in step 15
2018-08-23 17:49:14,852 INFO >>>>>>Saved shared model to /Users/liangs/Codes/adv_mulit_task_seq_tagging/checkpoints/multi_task_4_1808231746/checkpoints/task_shared_2, private mode to /Users/liangs/Codes/adv_mulit_task_seq_tagging/checkpoints/multi_task_4_1808231746/checkpoints/task_private_2
2018-08-23 17:49:28,091 INFO Shared train: Task 3 got better F1:0.6740103270223751 in step 15
2018-08-23 17:49:28,091 INFO >>>>>>Saved shared model to /Users/liangs/Codes/adv_mulit_task_seq_tagging/checkpoints/multi_task_4_1808231746/checkpoints/task_shared_3, private mode to /Users/liangs/Codes/adv_mulit_task_seq_tagging/checkpoints/multi_task_4_1808231746/checkpoints/task_private_3
2018-08-23 17:49:38,806 INFO Shared train: Task 4 got better F1:0.5604256397263744 in step 15
2018-08-23 17:49:38,806 INFO >>>>>>Saved shared model to /Users/liangs/Codes/adv_mulit_task_seq_tagging/checkpoints/multi_task_4_1808231746/checkpoints/task_shared_4, private mode to /Users/liangs/Codes/adv_mulit_task_seq_tagging/checkpoints/multi_task_4_1808231746/checkpoints/task_private_4
2018-08-23 17:50:06,840 INFO Shared train: Task 1 got better F1:0.6573078631719236 in step 20
2018-08-23 17:50:06,841 INFO >>>>>>Saved shared model to /Users/liangs/Codes/adv_mulit_task_seq_tagging/checkpoints/multi_task_4_1808231746/checkpoints/task_shared_1, private mode to /Users/liangs/Codes/adv_mulit_task_seq_tagging/checkpoints/multi_task_4_1808231746/checkpoints/task_private_1
2018-08-23 17:50:17,622 INFO Shared train: Task 2 got better F1:0.6679775280898876 in step 20
2018-08-23 17:50:17,622 INFO >>>>>>Saved shared model to /Users/liangs/Codes/adv_mulit_task_seq_tagging/checkpoints/multi_task_4_1808231746/checkpoints/task_shared_2, private mode to /Users/liangs/Codes/adv_mulit_task_seq_tagging/checkpoints/multi_task_4_1808231746/checkpoints/task_private_2
2018-08-23 17:50:39,345 INFO Shared train: Task 4 got better F1:0.656084656084656 in step 20
2018-08-23 17:50:39,347 INFO >>>>>>Saved shared model to /Users/liangs/Codes/adv_mulit_task_seq_tagging/checkpoints/multi_task_4_1808231746/checkpoints/task_shared_4, private mode to /Users/liangs/Codes/adv_mulit_task_seq_tagging/checkpoints/multi_task_4_1808231746/checkpoints/task_private_4
2018-08-23 17:50:39,347 INFO -----------Shared Train ends-------------
2018-08-23 17:50:40,716 INFO >>>>>>Finally,saved shared model to /Users/liangs/Codes/adv_mulit_task_seq_tagging/checkpoints/multi_task_4_1808231746/checkpoints/shared_train_done after epochs:20
2018-08-23 19:46:34,846 INFO --------------------------------------------------
2018-08-23 19:46:58,515 INFO -------------train starts:1808231946--------------
2018-08-23 19:48:26,846 INFO --------------------------------------------------
2018-08-23 19:48:52,209 INFO -------------train starts:1808231948--------------
